mode: set
github.com/ygrebnov/testutils/docker/client.go:49.34,56.16 3 1
github.com/ygrebnov/testutils/docker/client.go:56.16,58.3 1 1
github.com/ygrebnov/testutils/docker/client.go:60.2,61.17 2 1
github.com/ygrebnov/testutils/docker/client.go:65.34,66.16 1 1
github.com/ygrebnov/testutils/docker/client.go:66.16,68.3 1 1
github.com/ygrebnov/testutils/docker/client.go:69.2,69.20 1 1
github.com/ygrebnov/testutils/docker/client.go:73.33,75.2 1 1
github.com/ygrebnov/testutils/docker/client.go:78.75,80.83 2 1
github.com/ygrebnov/testutils/docker/client.go:80.83,82.3 1 1
github.com/ygrebnov/testutils/docker/client.go:83.2,85.12 3 1
github.com/ygrebnov/testutils/docker/client.go:89.110,96.44 4 1
github.com/ygrebnov/testutils/docker/client.go:96.44,97.76 1 0
github.com/ygrebnov/testutils/docker/client.go:97.76,99.4 1 0
github.com/ygrebnov/testutils/docker/client.go:100.3,102.97 3 0
github.com/ygrebnov/testutils/docker/client.go:104.2,104.34 1 1
github.com/ygrebnov/testutils/docker/client.go:104.34,110.3 5 0
github.com/ygrebnov/testutils/docker/client.go:111.2,111.48 1 1
github.com/ygrebnov/testutils/docker/client.go:111.48,113.3 1 0
github.com/ygrebnov/testutils/docker/client.go:114.2,125.16 2 1
github.com/ygrebnov/testutils/docker/client.go:125.16,127.3 1 1
github.com/ygrebnov/testutils/docker/client.go:129.2,129.21 1 1
github.com/ygrebnov/testutils/docker/client.go:133.78,135.2 1 1
github.com/ygrebnov/testutils/docker/client.go:138.115,140.16 2 0
github.com/ygrebnov/testutils/docker/client.go:140.16,142.3 1 0
github.com/ygrebnov/testutils/docker/client.go:144.2,144.38 1 0
github.com/ygrebnov/testutils/docker/client.go:149.93,152.9 2 1
github.com/ygrebnov/testutils/docker/client.go:153.39,154.50 1 1
github.com/ygrebnov/testutils/docker/client.go:155.29,156.34 1 0
github.com/ygrebnov/testutils/docker/client.go:157.10,158.36 1 1
github.com/ygrebnov/testutils/docker/client.go:161.2,162.9 2 1
github.com/ygrebnov/testutils/docker/client.go:163.18,164.13 1 1
github.com/ygrebnov/testutils/docker/client.go:165.28,166.30 1 1
github.com/ygrebnov/testutils/docker/client.go:168.2,171.12 4 1
github.com/ygrebnov/testutils/docker/client.go:175.77,177.2 1 1
github.com/ygrebnov/testutils/docker/client.go:180.79,182.2 1 1
github.com/ygrebnov/testutils/docker/client.go:185.83,186.49 1 1
github.com/ygrebnov/testutils/docker/client.go:186.49,188.3 1 0
github.com/ygrebnov/testutils/docker/client.go:189.2,189.35 1 1
github.com/ygrebnov/testutils/docker/client.go:193.113,199.16 2 0
github.com/ygrebnov/testutils/docker/client.go:199.16,201.3 1 0
github.com/ygrebnov/testutils/docker/client.go:202.2,203.16 2 0
github.com/ygrebnov/testutils/docker/client.go:203.16,205.3 1 0
github.com/ygrebnov/testutils/docker/client.go:206.2,209.12 3 0
github.com/ygrebnov/testutils/docker/client.go:213.56,214.20 1 1
github.com/ygrebnov/testutils/docker/client.go:214.20,216.3 1 1
github.com/ygrebnov/testutils/docker/client.go:217.2,218.16 2 1
github.com/ygrebnov/testutils/docker/client.go:218.16,220.3 1 0
github.com/ygrebnov/testutils/docker/client.go:221.2,222.31 2 1
github.com/ygrebnov/testutils/docker/client.go:226.91,228.16 2 1
github.com/ygrebnov/testutils/docker/client.go:228.16,230.3 1 0
github.com/ygrebnov/testutils/docker/client.go:231.2,232.47 2 1
github.com/ygrebnov/testutils/docker/client.go:236.59,238.16 2 1
github.com/ygrebnov/testutils/docker/client.go:238.16,240.3 1 0
github.com/ygrebnov/testutils/docker/client.go:241.2,242.34 2 1
github.com/ygrebnov/testutils/docker/client.go:246.96,248.16 2 0
github.com/ygrebnov/testutils/docker/client.go:248.16,250.3 1 0
github.com/ygrebnov/testutils/docker/client.go:251.2,252.52 2 0
github.com/ygrebnov/testutils/docker/client.go:256.74,258.16 2 1
github.com/ygrebnov/testutils/docker/client.go:258.16,260.3 1 0
github.com/ygrebnov/testutils/docker/client.go:261.2,262.45 2 1
github.com/ygrebnov/testutils/docker/client.go:266.58,268.16 2 1
github.com/ygrebnov/testutils/docker/client.go:268.16,270.3 1 0
github.com/ygrebnov/testutils/docker/client.go:271.2,272.33 2 1
github.com/ygrebnov/testutils/docker/client.go:276.60,278.16 2 1
github.com/ygrebnov/testutils/docker/client.go:278.16,280.3 1 0
github.com/ygrebnov/testutils/docker/client.go:281.2,282.33 2 1
github.com/ygrebnov/testutils/docker/client.go:286.64,288.16 2 1
github.com/ygrebnov/testutils/docker/client.go:288.16,290.3 1 0
github.com/ygrebnov/testutils/docker/client.go:291.2,292.39 2 1
github.com/ygrebnov/testutils/docker/client.go:296.94,298.16 2 0
github.com/ygrebnov/testutils/docker/client.go:298.16,300.3 1 0
github.com/ygrebnov/testutils/docker/client.go:301.2,302.48 2 0
github.com/ygrebnov/testutils/docker/container.go:52.55,53.47 1 1
github.com/ygrebnov/testutils/docker/container.go:53.47,55.3 1 1
github.com/ygrebnov/testutils/docker/container.go:56.2,57.12 2 1
github.com/ygrebnov/testutils/docker/container.go:62.54,65.16 3 1
github.com/ygrebnov/testutils/docker/container.go:65.16,67.3 1 1
github.com/ygrebnov/testutils/docker/container.go:67.8,67.20 1 1
github.com/ygrebnov/testutils/docker/container.go:67.20,69.3 1 1
github.com/ygrebnov/testutils/docker/container.go:71.2,71.49 1 1
github.com/ygrebnov/testutils/docker/container.go:71.49,73.3 1 0
github.com/ygrebnov/testutils/docker/container.go:75.2,76.33 2 1
github.com/ygrebnov/testutils/docker/container.go:76.33,77.46 1 1
github.com/ygrebnov/testutils/docker/container.go:77.46,78.9 1 1
github.com/ygrebnov/testutils/docker/container.go:80.3,81.6 2 0
github.com/ygrebnov/testutils/docker/container.go:83.2,83.14 1 1
github.com/ygrebnov/testutils/docker/container.go:83.14,85.3 1 0
github.com/ygrebnov/testutils/docker/container.go:87.2,87.12 1 1
github.com/ygrebnov/testutils/docker/container.go:91.60,92.37 1 1
github.com/ygrebnov/testutils/docker/container.go:92.37,94.3 1 1
github.com/ygrebnov/testutils/docker/container.go:95.2,95.21 1 1
github.com/ygrebnov/testutils/docker/container.go:99.58,101.2 1 1
github.com/ygrebnov/testutils/docker/container.go:104.53,105.20 1 1
github.com/ygrebnov/testutils/docker/container.go:105.20,106.41 1 1
github.com/ygrebnov/testutils/docker/container.go:106.41,108.4 1 1
github.com/ygrebnov/testutils/docker/container.go:110.2,110.33 1 1
github.com/ygrebnov/testutils/docker/container.go:114.55,118.13 2 1
github.com/ygrebnov/testutils/docker/container.go:119.28,120.13 1 1
github.com/ygrebnov/testutils/docker/container.go:121.11,122.36 1 1
github.com/ygrebnov/testutils/docker/container.go:124.2,124.12 1 1
github.com/ygrebnov/testutils/docker/container.go:128.59,132.13 2 1
github.com/ygrebnov/testutils/docker/container.go:133.28,134.13 1 1
github.com/ygrebnov/testutils/docker/container.go:135.11,136.40 1 1
github.com/ygrebnov/testutils/docker/container.go:138.2,138.12 1 1
github.com/ygrebnov/testutils/docker/container.go:144.67,145.40 1 1
github.com/ygrebnov/testutils/docker/container.go:145.40,147.3 1 1
github.com/ygrebnov/testutils/docker/container.go:148.2,148.104 1 1
github.com/ygrebnov/testutils/docker/container.go:152.91,154.2 1 0
github.com/ygrebnov/testutils/docker/container.go:157.43,159.2 1 0
github.com/ygrebnov/testutils/docker/container.go:162.71,163.31 1 1
github.com/ygrebnov/testutils/docker/container.go:163.31,165.3 1 1
github.com/ygrebnov/testutils/docker/container.go:166.2,166.51 1 1
github.com/ygrebnov/testutils/docker/database_container.go:27.71,30.2 2 0
github.com/ygrebnov/testutils/docker/database_container.go:33.72,35.2 1 0
github.com/ygrebnov/testutils/docker/database_container.go:38.100,39.31 1 0
github.com/ygrebnov/testutils/docker/database_container.go:39.31,41.3 1 0
github.com/ygrebnov/testutils/docker/database_container.go:42.2,45.21 4 0
github.com/ygrebnov/testutils/presets/database_preset.go:20.81,22.2 1 0
github.com/ygrebnov/testutils/presets/database_preset.go:26.113,28.2 1 0
github.com/ygrebnov/testutils/presets/database_preset.go:31.78,33.2 1 0
github.com/ygrebnov/testutils/presets/database_preset.go:36.76,40.2 3 0
github.com/ygrebnov/testutils/presets/postgresql.go:9.88,11.2 1 0
github.com/ygrebnov/testutils/presets/postgresql.go:14.56,16.2 1 0
github.com/ygrebnov/testutils/presets/preset.go:54.60,58.2 3 0
github.com/ygrebnov/testutils/presets/preset.go:61.55,63.9 2 0
github.com/ygrebnov/testutils/presets/preset.go:63.9,64.56 1 0
github.com/ygrebnov/testutils/presets/preset.go:66.2,68.16 3 0
github.com/ygrebnov/testutils/presets/preset.go:68.16,69.13 1 0
github.com/ygrebnov/testutils/presets/preset.go:71.2,71.59 1 0
github.com/ygrebnov/testutils/presets/preset.go:71.59,72.13 1 0
github.com/ygrebnov/testutils/presets/preset.go:78.65,80.2 1 0
github.com/ygrebnov/testutils/presets/preset.go:84.97,86.2 1 0
github.com/ygrebnov/testutils/presets/preset.go:90.77,92.37 2 0
github.com/ygrebnov/testutils/presets/preset.go:92.37,94.38 2 0
github.com/ygrebnov/testutils/presets/preset.go:95.12,96.38 1 0
github.com/ygrebnov/testutils/presets/preset.go:97.15,98.24 1 0
github.com/ygrebnov/testutils/presets/preset.go:99.11,100.56 1 0
github.com/ygrebnov/testutils/presets/preset.go:102.3,102.62 1 0
github.com/ygrebnov/testutils/presets/preset.go:104.2,109.3 1 0
github.com/ygrebnov/testutils/presets/preset.go:113.97,115.27 2 0
github.com/ygrebnov/testutils/presets/preset.go:115.27,117.3 1 0
github.com/ygrebnov/testutils/presets/preset.go:118.2,118.43 1 0
github.com/ygrebnov/testutils/presets/preset.go:118.43,120.3 1 0
github.com/ygrebnov/testutils/presets/preset.go:121.2,121.35 1 0
github.com/ygrebnov/testutils/presets/preset.go:121.35,123.3 1 0
github.com/ygrebnov/testutils/presets/preset.go:124.2,124.34 1 0
github.com/ygrebnov/testutils/presets/preset.go:124.34,126.3 1 0
github.com/ygrebnov/testutils/presets/preset.go:127.2,127.30 1 0
github.com/ygrebnov/testutils/presets/preset.go:127.30,129.3 1 0
github.com/ygrebnov/testutils/presets/preset.go:130.2,130.24 1 0
github.com/ygrebnov/testutils/docker/client.go:49.34,56.16 3 0
github.com/ygrebnov/testutils/docker/client.go:56.16,58.3 1 0
github.com/ygrebnov/testutils/docker/client.go:60.2,61.17 2 0
github.com/ygrebnov/testutils/docker/client.go:65.34,66.16 1 0
github.com/ygrebnov/testutils/docker/client.go:66.16,68.3 1 0
github.com/ygrebnov/testutils/docker/client.go:69.2,69.20 1 0
github.com/ygrebnov/testutils/docker/client.go:73.33,75.2 1 0
github.com/ygrebnov/testutils/docker/client.go:78.75,80.83 2 0
github.com/ygrebnov/testutils/docker/client.go:80.83,82.3 1 0
github.com/ygrebnov/testutils/docker/client.go:83.2,85.12 3 0
github.com/ygrebnov/testutils/docker/client.go:89.110,96.44 4 0
github.com/ygrebnov/testutils/docker/client.go:96.44,97.76 1 0
github.com/ygrebnov/testutils/docker/client.go:97.76,99.4 1 0
github.com/ygrebnov/testutils/docker/client.go:100.3,102.97 3 0
github.com/ygrebnov/testutils/docker/client.go:104.2,104.34 1 0
github.com/ygrebnov/testutils/docker/client.go:104.34,110.3 5 0
github.com/ygrebnov/testutils/docker/client.go:111.2,111.48 1 0
github.com/ygrebnov/testutils/docker/client.go:111.48,113.3 1 0
github.com/ygrebnov/testutils/docker/client.go:114.2,125.16 2 0
github.com/ygrebnov/testutils/docker/client.go:125.16,127.3 1 0
github.com/ygrebnov/testutils/docker/client.go:129.2,129.21 1 0
github.com/ygrebnov/testutils/docker/client.go:133.78,135.2 1 0
github.com/ygrebnov/testutils/docker/client.go:138.115,140.16 2 0
github.com/ygrebnov/testutils/docker/client.go:140.16,142.3 1 0
github.com/ygrebnov/testutils/docker/client.go:144.2,144.38 1 0
github.com/ygrebnov/testutils/docker/client.go:149.93,152.9 2 0
github.com/ygrebnov/testutils/docker/client.go:153.39,154.50 1 0
github.com/ygrebnov/testutils/docker/client.go:155.29,156.34 1 0
github.com/ygrebnov/testutils/docker/client.go:157.10,158.36 1 0
github.com/ygrebnov/testutils/docker/client.go:161.2,162.9 2 0
github.com/ygrebnov/testutils/docker/client.go:163.18,164.13 1 0
github.com/ygrebnov/testutils/docker/client.go:165.28,166.30 1 0
github.com/ygrebnov/testutils/docker/client.go:168.2,171.12 4 0
github.com/ygrebnov/testutils/docker/client.go:175.77,177.2 1 0
github.com/ygrebnov/testutils/docker/client.go:180.79,182.2 1 0
github.com/ygrebnov/testutils/docker/client.go:185.83,186.49 1 0
github.com/ygrebnov/testutils/docker/client.go:186.49,188.3 1 0
github.com/ygrebnov/testutils/docker/client.go:189.2,189.35 1 0
github.com/ygrebnov/testutils/docker/client.go:193.113,199.16 2 0
github.com/ygrebnov/testutils/docker/client.go:199.16,201.3 1 0
github.com/ygrebnov/testutils/docker/client.go:202.2,203.16 2 0
github.com/ygrebnov/testutils/docker/client.go:203.16,205.3 1 0
github.com/ygrebnov/testutils/docker/client.go:206.2,209.12 3 0
github.com/ygrebnov/testutils/docker/client.go:213.56,214.20 1 0
github.com/ygrebnov/testutils/docker/client.go:214.20,216.3 1 0
github.com/ygrebnov/testutils/docker/client.go:217.2,218.16 2 0
github.com/ygrebnov/testutils/docker/client.go:218.16,220.3 1 0
github.com/ygrebnov/testutils/docker/client.go:221.2,222.31 2 0
github.com/ygrebnov/testutils/docker/client.go:226.91,228.16 2 0
github.com/ygrebnov/testutils/docker/client.go:228.16,230.3 1 0
github.com/ygrebnov/testutils/docker/client.go:231.2,232.47 2 0
github.com/ygrebnov/testutils/docker/client.go:236.59,238.16 2 0
github.com/ygrebnov/testutils/docker/client.go:238.16,240.3 1 0
github.com/ygrebnov/testutils/docker/client.go:241.2,242.34 2 0
github.com/ygrebnov/testutils/docker/client.go:246.96,248.16 2 0
github.com/ygrebnov/testutils/docker/client.go:248.16,250.3 1 0
github.com/ygrebnov/testutils/docker/client.go:251.2,252.52 2 0
github.com/ygrebnov/testutils/docker/client.go:256.74,258.16 2 0
github.com/ygrebnov/testutils/docker/client.go:258.16,260.3 1 0
github.com/ygrebnov/testutils/docker/client.go:261.2,262.45 2 0
github.com/ygrebnov/testutils/docker/client.go:266.58,268.16 2 0
github.com/ygrebnov/testutils/docker/client.go:268.16,270.3 1 0
github.com/ygrebnov/testutils/docker/client.go:271.2,272.33 2 0
github.com/ygrebnov/testutils/docker/client.go:276.60,278.16 2 0
github.com/ygrebnov/testutils/docker/client.go:278.16,280.3 1 0
github.com/ygrebnov/testutils/docker/client.go:281.2,282.33 2 0
github.com/ygrebnov/testutils/docker/client.go:286.64,288.16 2 0
github.com/ygrebnov/testutils/docker/client.go:288.16,290.3 1 0
github.com/ygrebnov/testutils/docker/client.go:291.2,292.39 2 0
github.com/ygrebnov/testutils/docker/client.go:296.94,298.16 2 0
github.com/ygrebnov/testutils/docker/client.go:298.16,300.3 1 0
github.com/ygrebnov/testutils/docker/client.go:301.2,302.48 2 0
github.com/ygrebnov/testutils/docker/container.go:52.55,53.47 1 0
github.com/ygrebnov/testutils/docker/container.go:53.47,55.3 1 0
github.com/ygrebnov/testutils/docker/container.go:56.2,57.12 2 0
github.com/ygrebnov/testutils/docker/container.go:62.54,65.16 3 0
github.com/ygrebnov/testutils/docker/container.go:65.16,67.3 1 0
github.com/ygrebnov/testutils/docker/container.go:67.8,67.20 1 0
github.com/ygrebnov/testutils/docker/container.go:67.20,69.3 1 0
github.com/ygrebnov/testutils/docker/container.go:71.2,71.49 1 0
github.com/ygrebnov/testutils/docker/container.go:71.49,73.3 1 0
github.com/ygrebnov/testutils/docker/container.go:75.2,76.33 2 0
github.com/ygrebnov/testutils/docker/container.go:76.33,77.46 1 0
github.com/ygrebnov/testutils/docker/container.go:77.46,78.9 1 0
github.com/ygrebnov/testutils/docker/container.go:80.3,81.6 2 0
github.com/ygrebnov/testutils/docker/container.go:83.2,83.14 1 0
github.com/ygrebnov/testutils/docker/container.go:83.14,85.3 1 0
github.com/ygrebnov/testutils/docker/container.go:87.2,87.12 1 0
github.com/ygrebnov/testutils/docker/container.go:91.60,92.37 1 0
github.com/ygrebnov/testutils/docker/container.go:92.37,94.3 1 0
github.com/ygrebnov/testutils/docker/container.go:95.2,95.21 1 0
github.com/ygrebnov/testutils/docker/container.go:99.58,101.2 1 0
github.com/ygrebnov/testutils/docker/container.go:104.53,105.20 1 0
github.com/ygrebnov/testutils/docker/container.go:105.20,106.41 1 0
github.com/ygrebnov/testutils/docker/container.go:106.41,108.4 1 0
github.com/ygrebnov/testutils/docker/container.go:110.2,110.33 1 0
github.com/ygrebnov/testutils/docker/container.go:114.55,118.13 2 0
github.com/ygrebnov/testutils/docker/container.go:119.28,120.13 1 0
github.com/ygrebnov/testutils/docker/container.go:121.11,122.36 1 0
github.com/ygrebnov/testutils/docker/container.go:124.2,124.12 1 0
github.com/ygrebnov/testutils/docker/container.go:128.59,132.13 2 0
github.com/ygrebnov/testutils/docker/container.go:133.28,134.13 1 0
github.com/ygrebnov/testutils/docker/container.go:135.11,136.40 1 0
github.com/ygrebnov/testutils/docker/container.go:138.2,138.12 1 0
github.com/ygrebnov/testutils/docker/container.go:144.67,145.40 1 0
github.com/ygrebnov/testutils/docker/container.go:145.40,147.3 1 0
github.com/ygrebnov/testutils/docker/container.go:148.2,148.104 1 0
github.com/ygrebnov/testutils/docker/container.go:152.91,154.2 1 0
github.com/ygrebnov/testutils/docker/container.go:157.43,159.2 1 0
github.com/ygrebnov/testutils/docker/container.go:162.71,163.31 1 0
github.com/ygrebnov/testutils/docker/container.go:163.31,165.3 1 0
github.com/ygrebnov/testutils/docker/container.go:166.2,166.51 1 0
github.com/ygrebnov/testutils/docker/database_container.go:27.71,30.2 2 0
github.com/ygrebnov/testutils/docker/database_container.go:33.72,35.2 1 0
github.com/ygrebnov/testutils/docker/database_container.go:38.100,39.31 1 1
github.com/ygrebnov/testutils/docker/database_container.go:39.31,41.3 1 1
github.com/ygrebnov/testutils/docker/database_container.go:42.2,45.21 4 1
github.com/ygrebnov/testutils/presets/database_preset.go:20.81,22.2 1 1
github.com/ygrebnov/testutils/presets/database_preset.go:26.113,28.2 1 0
github.com/ygrebnov/testutils/presets/database_preset.go:31.78,33.2 1 1
github.com/ygrebnov/testutils/presets/database_preset.go:36.76,40.2 3 1
github.com/ygrebnov/testutils/presets/postgresql.go:9.88,11.2 1 0
github.com/ygrebnov/testutils/presets/postgresql.go:14.56,16.2 1 1
github.com/ygrebnov/testutils/presets/preset.go:54.60,58.2 3 0
github.com/ygrebnov/testutils/presets/preset.go:61.55,63.9 2 1
github.com/ygrebnov/testutils/presets/preset.go:63.9,64.56 1 0
github.com/ygrebnov/testutils/presets/preset.go:66.2,68.16 3 1
github.com/ygrebnov/testutils/presets/preset.go:68.16,69.13 1 0
github.com/ygrebnov/testutils/presets/preset.go:71.2,71.59 1 1
github.com/ygrebnov/testutils/presets/preset.go:71.59,72.13 1 0
github.com/ygrebnov/testutils/presets/preset.go:78.65,80.2 1 0
github.com/ygrebnov/testutils/presets/preset.go:84.97,86.2 1 0
github.com/ygrebnov/testutils/presets/preset.go:90.77,92.37 2 1
github.com/ygrebnov/testutils/presets/preset.go:92.37,94.38 2 1
github.com/ygrebnov/testutils/presets/preset.go:95.12,96.38 1 1
github.com/ygrebnov/testutils/presets/preset.go:97.15,98.24 1 1
github.com/ygrebnov/testutils/presets/preset.go:99.11,100.56 1 0
github.com/ygrebnov/testutils/presets/preset.go:102.3,102.62 1 1
github.com/ygrebnov/testutils/presets/preset.go:104.2,109.3 1 1
github.com/ygrebnov/testutils/presets/preset.go:113.97,115.27 2 0
github.com/ygrebnov/testutils/presets/preset.go:115.27,117.3 1 0
github.com/ygrebnov/testutils/presets/preset.go:118.2,118.43 1 0
github.com/ygrebnov/testutils/presets/preset.go:118.43,120.3 1 0
github.com/ygrebnov/testutils/presets/preset.go:121.2,121.35 1 0
github.com/ygrebnov/testutils/presets/preset.go:121.35,123.3 1 0
github.com/ygrebnov/testutils/presets/preset.go:124.2,124.34 1 0
github.com/ygrebnov/testutils/presets/preset.go:124.34,126.3 1 0
github.com/ygrebnov/testutils/presets/preset.go:127.2,127.30 1 0
github.com/ygrebnov/testutils/presets/preset.go:127.30,129.3 1 0
github.com/ygrebnov/testutils/presets/preset.go:130.2,130.24 1 0
github.com/ygrebnov/testutils/docker/client.go:49.34,56.16 3 1
github.com/ygrebnov/testutils/docker/client.go:56.16,58.3 1 0
github.com/ygrebnov/testutils/docker/client.go:60.2,61.17 2 1
github.com/ygrebnov/testutils/docker/client.go:65.34,66.16 1 1
github.com/ygrebnov/testutils/docker/client.go:66.16,68.3 1 1
github.com/ygrebnov/testutils/docker/client.go:69.2,69.20 1 1
github.com/ygrebnov/testutils/docker/client.go:73.33,75.2 1 1
github.com/ygrebnov/testutils/docker/client.go:78.75,80.83 2 1
github.com/ygrebnov/testutils/docker/client.go:80.83,82.3 1 0
github.com/ygrebnov/testutils/docker/client.go:83.2,85.12 3 1
github.com/ygrebnov/testutils/docker/client.go:89.110,96.44 4 1
github.com/ygrebnov/testutils/docker/client.go:96.44,97.76 1 1
github.com/ygrebnov/testutils/docker/client.go:97.76,99.4 1 0
github.com/ygrebnov/testutils/docker/client.go:100.3,102.97 3 1
github.com/ygrebnov/testutils/docker/client.go:104.2,104.34 1 1
github.com/ygrebnov/testutils/docker/client.go:104.34,110.3 5 1
github.com/ygrebnov/testutils/docker/client.go:111.2,111.48 1 1
github.com/ygrebnov/testutils/docker/client.go:111.48,113.3 1 0
github.com/ygrebnov/testutils/docker/client.go:114.2,125.16 2 1
github.com/ygrebnov/testutils/docker/client.go:125.16,127.3 1 0
github.com/ygrebnov/testutils/docker/client.go:129.2,129.21 1 1
github.com/ygrebnov/testutils/docker/client.go:133.78,135.2 1 1
github.com/ygrebnov/testutils/docker/client.go:138.115,140.16 2 0
github.com/ygrebnov/testutils/docker/client.go:140.16,142.3 1 0
github.com/ygrebnov/testutils/docker/client.go:144.2,144.38 1 0
github.com/ygrebnov/testutils/docker/client.go:149.93,152.9 2 1
github.com/ygrebnov/testutils/docker/client.go:153.39,154.50 1 1
github.com/ygrebnov/testutils/docker/client.go:155.29,156.34 1 0
github.com/ygrebnov/testutils/docker/client.go:157.10,158.36 1 0
github.com/ygrebnov/testutils/docker/client.go:161.2,162.9 2 1
github.com/ygrebnov/testutils/docker/client.go:163.18,164.13 1 0
github.com/ygrebnov/testutils/docker/client.go:165.28,166.30 1 1
github.com/ygrebnov/testutils/docker/client.go:168.2,171.12 4 1
github.com/ygrebnov/testutils/docker/client.go:175.77,177.2 1 1
github.com/ygrebnov/testutils/docker/client.go:180.79,182.2 1 1
github.com/ygrebnov/testutils/docker/client.go:185.83,186.49 1 1
github.com/ygrebnov/testutils/docker/client.go:186.49,188.3 1 0
github.com/ygrebnov/testutils/docker/client.go:189.2,189.35 1 1
github.com/ygrebnov/testutils/docker/client.go:193.113,199.16 2 1
github.com/ygrebnov/testutils/docker/client.go:199.16,201.3 1 0
github.com/ygrebnov/testutils/docker/client.go:202.2,203.16 2 1
github.com/ygrebnov/testutils/docker/client.go:203.16,205.3 1 0
github.com/ygrebnov/testutils/docker/client.go:206.2,209.12 3 1
github.com/ygrebnov/testutils/docker/client.go:213.56,214.20 1 1
github.com/ygrebnov/testutils/docker/client.go:214.20,216.3 1 0
github.com/ygrebnov/testutils/docker/client.go:217.2,218.16 2 1
github.com/ygrebnov/testutils/docker/client.go:218.16,220.3 1 0
github.com/ygrebnov/testutils/docker/client.go:221.2,222.31 2 1
github.com/ygrebnov/testutils/docker/client.go:226.91,228.16 2 1
github.com/ygrebnov/testutils/docker/client.go:228.16,230.3 1 0
github.com/ygrebnov/testutils/docker/client.go:231.2,232.47 2 1
github.com/ygrebnov/testutils/docker/client.go:236.59,238.16 2 1
github.com/ygrebnov/testutils/docker/client.go:238.16,240.3 1 0
github.com/ygrebnov/testutils/docker/client.go:241.2,242.34 2 1
github.com/ygrebnov/testutils/docker/client.go:246.96,248.16 2 0
github.com/ygrebnov/testutils/docker/client.go:248.16,250.3 1 0
github.com/ygrebnov/testutils/docker/client.go:251.2,252.52 2 0
github.com/ygrebnov/testutils/docker/client.go:256.74,258.16 2 1
github.com/ygrebnov/testutils/docker/client.go:258.16,260.3 1 0
github.com/ygrebnov/testutils/docker/client.go:261.2,262.45 2 1
github.com/ygrebnov/testutils/docker/client.go:266.58,268.16 2 0
github.com/ygrebnov/testutils/docker/client.go:268.16,270.3 1 0
github.com/ygrebnov/testutils/docker/client.go:271.2,272.33 2 0
github.com/ygrebnov/testutils/docker/client.go:276.60,278.16 2 0
github.com/ygrebnov/testutils/docker/client.go:278.16,280.3 1 0
github.com/ygrebnov/testutils/docker/client.go:281.2,282.33 2 0
github.com/ygrebnov/testutils/docker/client.go:286.64,288.16 2 1
github.com/ygrebnov/testutils/docker/client.go:288.16,290.3 1 0
github.com/ygrebnov/testutils/docker/client.go:291.2,292.39 2 1
github.com/ygrebnov/testutils/docker/client.go:296.94,298.16 2 1
github.com/ygrebnov/testutils/docker/client.go:298.16,300.3 1 0
github.com/ygrebnov/testutils/docker/client.go:301.2,302.48 2 1
github.com/ygrebnov/testutils/docker/container.go:52.55,53.47 1 1
github.com/ygrebnov/testutils/docker/container.go:53.47,55.3 1 0
github.com/ygrebnov/testutils/docker/container.go:56.2,57.12 2 1
github.com/ygrebnov/testutils/docker/container.go:62.54,65.16 3 1
github.com/ygrebnov/testutils/docker/container.go:65.16,67.3 1 0
github.com/ygrebnov/testutils/docker/container.go:67.8,67.20 1 1
github.com/ygrebnov/testutils/docker/container.go:67.20,69.3 1 0
github.com/ygrebnov/testutils/docker/container.go:71.2,71.49 1 1
github.com/ygrebnov/testutils/docker/container.go:71.49,73.3 1 0
github.com/ygrebnov/testutils/docker/container.go:75.2,76.33 2 1
github.com/ygrebnov/testutils/docker/container.go:76.33,77.46 1 1
github.com/ygrebnov/testutils/docker/container.go:77.46,78.9 1 1
github.com/ygrebnov/testutils/docker/container.go:80.3,81.6 2 1
github.com/ygrebnov/testutils/docker/container.go:83.2,83.14 1 1
github.com/ygrebnov/testutils/docker/container.go:83.14,85.3 1 0
github.com/ygrebnov/testutils/docker/container.go:87.2,87.12 1 1
github.com/ygrebnov/testutils/docker/container.go:91.60,92.37 1 1
github.com/ygrebnov/testutils/docker/container.go:92.37,94.3 1 0
github.com/ygrebnov/testutils/docker/container.go:95.2,95.21 1 1
github.com/ygrebnov/testutils/docker/container.go:99.58,101.2 1 1
github.com/ygrebnov/testutils/docker/container.go:104.53,105.20 1 0
github.com/ygrebnov/testutils/docker/container.go:105.20,106.41 1 0
github.com/ygrebnov/testutils/docker/container.go:106.41,108.4 1 0
github.com/ygrebnov/testutils/docker/container.go:110.2,110.33 1 0
github.com/ygrebnov/testutils/docker/container.go:114.55,118.13 2 0
github.com/ygrebnov/testutils/docker/container.go:119.28,120.13 1 0
github.com/ygrebnov/testutils/docker/container.go:121.11,122.36 1 0
github.com/ygrebnov/testutils/docker/container.go:124.2,124.12 1 0
github.com/ygrebnov/testutils/docker/container.go:128.59,132.13 2 1
github.com/ygrebnov/testutils/docker/container.go:133.28,134.13 1 1
github.com/ygrebnov/testutils/docker/container.go:135.11,136.40 1 1
github.com/ygrebnov/testutils/docker/container.go:138.2,138.12 1 0
github.com/ygrebnov/testutils/docker/container.go:144.67,145.40 1 1
github.com/ygrebnov/testutils/docker/container.go:145.40,147.3 1 0
github.com/ygrebnov/testutils/docker/container.go:148.2,148.104 1 1
github.com/ygrebnov/testutils/docker/container.go:152.91,154.2 1 1
github.com/ygrebnov/testutils/docker/container.go:157.43,159.2 1 0
github.com/ygrebnov/testutils/docker/container.go:162.71,163.31 1 1
github.com/ygrebnov/testutils/docker/container.go:163.31,165.3 1 1
github.com/ygrebnov/testutils/docker/container.go:166.2,166.51 1 1
github.com/ygrebnov/testutils/docker/database_container.go:27.71,30.2 2 1
github.com/ygrebnov/testutils/docker/database_container.go:33.72,35.2 1 0
github.com/ygrebnov/testutils/docker/database_container.go:38.100,39.31 1 1
github.com/ygrebnov/testutils/docker/database_container.go:39.31,41.3 1 1
github.com/ygrebnov/testutils/docker/database_container.go:42.2,45.21 4 1
github.com/ygrebnov/testutils/presets/database_preset.go:20.81,22.2 1 0
github.com/ygrebnov/testutils/presets/database_preset.go:26.113,28.2 1 1
github.com/ygrebnov/testutils/presets/database_preset.go:31.78,33.2 1 1
github.com/ygrebnov/testutils/presets/database_preset.go:36.76,40.2 3 1
github.com/ygrebnov/testutils/presets/postgresql.go:9.88,11.2 1 1
github.com/ygrebnov/testutils/presets/postgresql.go:14.56,16.2 1 0
github.com/ygrebnov/testutils/presets/preset.go:54.60,58.2 3 0
github.com/ygrebnov/testutils/presets/preset.go:61.55,63.9 2 1
github.com/ygrebnov/testutils/presets/preset.go:63.9,64.56 1 0
github.com/ygrebnov/testutils/presets/preset.go:66.2,68.16 3 1
github.com/ygrebnov/testutils/presets/preset.go:68.16,69.13 1 0
github.com/ygrebnov/testutils/presets/preset.go:71.2,71.59 1 1
github.com/ygrebnov/testutils/presets/preset.go:71.59,72.13 1 0
github.com/ygrebnov/testutils/presets/preset.go:78.65,80.2 1 0
github.com/ygrebnov/testutils/presets/preset.go:84.97,86.2 1 0
github.com/ygrebnov/testutils/presets/preset.go:90.77,92.37 2 1
github.com/ygrebnov/testutils/presets/preset.go:92.37,94.38 2 1
github.com/ygrebnov/testutils/presets/preset.go:95.12,96.38 1 1
github.com/ygrebnov/testutils/presets/preset.go:97.15,98.24 1 1
github.com/ygrebnov/testutils/presets/preset.go:99.11,100.56 1 0
github.com/ygrebnov/testutils/presets/preset.go:102.3,102.62 1 1
github.com/ygrebnov/testutils/presets/preset.go:104.2,109.3 1 1
github.com/ygrebnov/testutils/presets/preset.go:113.97,115.27 2 1
github.com/ygrebnov/testutils/presets/preset.go:115.27,117.3 1 1
github.com/ygrebnov/testutils/presets/preset.go:118.2,118.43 1 1
github.com/ygrebnov/testutils/presets/preset.go:118.43,120.3 1 0
github.com/ygrebnov/testutils/presets/preset.go:121.2,121.35 1 1
github.com/ygrebnov/testutils/presets/preset.go:121.35,123.3 1 0
github.com/ygrebnov/testutils/presets/preset.go:124.2,124.34 1 1
github.com/ygrebnov/testutils/presets/preset.go:124.34,126.3 1 0
github.com/ygrebnov/testutils/presets/preset.go:127.2,127.30 1 1
github.com/ygrebnov/testutils/presets/preset.go:127.30,129.3 1 0
github.com/ygrebnov/testutils/presets/preset.go:130.2,130.24 1 1
