mode: set
github.com/ygrebnov/testutils/docker/client.go:41.50,46.16 2 0
github.com/ygrebnov/testutils/docker/client.go:46.16,48.3 1 0
github.com/ygrebnov/testutils/docker/client.go:50.2,52.17 2 0
github.com/ygrebnov/testutils/docker/client.go:56.50,58.16 1 0
github.com/ygrebnov/testutils/docker/client.go:58.16,60.3 1 0
github.com/ygrebnov/testutils/docker/client.go:61.2,61.24 1 0
github.com/ygrebnov/testutils/docker/client.go:65.33,67.2 1 0
github.com/ygrebnov/testutils/docker/client.go:70.75,72.16 2 0
github.com/ygrebnov/testutils/docker/client.go:72.16,74.3 1 0
github.com/ygrebnov/testutils/docker/client.go:76.2,76.15 1 0
github.com/ygrebnov/testutils/docker/client.go:76.15,78.3 1 0
github.com/ygrebnov/testutils/docker/client.go:79.2,81.12 2 0
github.com/ygrebnov/testutils/docker/client.go:85.110,86.20 1 0
github.com/ygrebnov/testutils/docker/client.go:86.20,88.3 1 0
github.com/ygrebnov/testutils/docker/client.go:90.2,96.44 4 0
github.com/ygrebnov/testutils/docker/client.go:96.44,98.10 2 0
github.com/ygrebnov/testutils/docker/client.go:98.10,100.4 1 0
github.com/ygrebnov/testutils/docker/client.go:101.3,103.97 3 0
github.com/ygrebnov/testutils/docker/client.go:105.2,105.31 1 0
github.com/ygrebnov/testutils/docker/client.go:105.31,111.3 5 0
github.com/ygrebnov/testutils/docker/client.go:112.2,112.48 1 0
github.com/ygrebnov/testutils/docker/client.go:112.48,114.3 1 0
github.com/ygrebnov/testutils/docker/client.go:115.2,126.16 2 0
github.com/ygrebnov/testutils/docker/client.go:126.16,128.3 1 0
github.com/ygrebnov/testutils/docker/client.go:130.2,130.21 1 0
github.com/ygrebnov/testutils/docker/client.go:134.78,136.2 1 0
github.com/ygrebnov/testutils/docker/client.go:139.115,141.16 2 0
github.com/ygrebnov/testutils/docker/client.go:141.16,143.3 1 0
github.com/ygrebnov/testutils/docker/client.go:145.2,145.38 1 0
github.com/ygrebnov/testutils/docker/client.go:150.93,154.9 3 0
github.com/ygrebnov/testutils/docker/client.go:155.27,156.41 1 0
github.com/ygrebnov/testutils/docker/client.go:157.26,158.34 1 0
github.com/ygrebnov/testutils/docker/client.go:159.10,160.36 1 0
github.com/ygrebnov/testutils/docker/client.go:163.2,164.9 2 0
github.com/ygrebnov/testutils/docker/client.go:165.18,166.13 1 0
github.com/ygrebnov/testutils/docker/client.go:167.28,168.30 1 0
github.com/ygrebnov/testutils/docker/client.go:170.2,173.12 4 0
github.com/ygrebnov/testutils/docker/client.go:177.77,179.2 1 0
github.com/ygrebnov/testutils/docker/client.go:182.79,184.2 1 0
github.com/ygrebnov/testutils/docker/client.go:187.83,188.49 1 0
github.com/ygrebnov/testutils/docker/client.go:188.49,190.3 1 0
github.com/ygrebnov/testutils/docker/client.go:191.2,191.35 1 0
github.com/ygrebnov/testutils/docker/client.go:195.106,201.16 2 0
github.com/ygrebnov/testutils/docker/client.go:201.16,203.3 1 0
github.com/ygrebnov/testutils/docker/client.go:204.2,205.16 2 0
github.com/ygrebnov/testutils/docker/client.go:205.16,207.3 1 0
github.com/ygrebnov/testutils/docker/client.go:208.2,211.12 3 0
github.com/ygrebnov/testutils/docker/client.go:215.56,216.16 1 0
github.com/ygrebnov/testutils/docker/client.go:216.16,218.3 1 0
github.com/ygrebnov/testutils/docker/client.go:219.2,220.16 2 0
github.com/ygrebnov/testutils/docker/client.go:220.16,222.3 1 0
github.com/ygrebnov/testutils/docker/client.go:223.2,224.31 2 0
github.com/ygrebnov/testutils/docker/client.go:228.91,230.16 2 0
github.com/ygrebnov/testutils/docker/client.go:230.16,232.3 1 0
github.com/ygrebnov/testutils/docker/client.go:233.2,234.47 2 0
github.com/ygrebnov/testutils/docker/client.go:238.59,240.16 2 0
github.com/ygrebnov/testutils/docker/client.go:240.16,242.3 1 0
github.com/ygrebnov/testutils/docker/client.go:243.2,244.34 2 0
github.com/ygrebnov/testutils/docker/client.go:248.96,250.16 2 0
github.com/ygrebnov/testutils/docker/client.go:250.16,252.3 1 0
github.com/ygrebnov/testutils/docker/client.go:253.2,254.52 2 0
github.com/ygrebnov/testutils/docker/client.go:258.74,260.16 2 0
github.com/ygrebnov/testutils/docker/client.go:260.16,262.3 1 0
github.com/ygrebnov/testutils/docker/client.go:263.2,264.45 2 0
github.com/ygrebnov/testutils/docker/client.go:268.58,270.16 2 0
github.com/ygrebnov/testutils/docker/client.go:270.16,272.3 1 0
github.com/ygrebnov/testutils/docker/client.go:273.2,274.33 2 0
github.com/ygrebnov/testutils/docker/client.go:278.60,280.16 2 0
github.com/ygrebnov/testutils/docker/client.go:280.16,282.3 1 0
github.com/ygrebnov/testutils/docker/client.go:283.2,284.33 2 0
github.com/ygrebnov/testutils/docker/client.go:288.64,290.16 2 0
github.com/ygrebnov/testutils/docker/client.go:290.16,292.3 1 0
github.com/ygrebnov/testutils/docker/client.go:293.2,294.39 2 0
github.com/ygrebnov/testutils/docker/client.go:298.87,300.16 2 0
github.com/ygrebnov/testutils/docker/client.go:300.16,302.3 1 0
github.com/ygrebnov/testutils/docker/client.go:303.2,304.48 2 0
github.com/ygrebnov/testutils/docker/container.go:37.38,38.46 1 0
github.com/ygrebnov/testutils/docker/container.go:38.46,40.3 1 0
github.com/ygrebnov/testutils/docker/container.go:42.2,42.23 1 0
github.com/ygrebnov/testutils/docker/container.go:61.55,63.16 2 0
github.com/ygrebnov/testutils/docker/container.go:63.16,65.3 1 0
github.com/ygrebnov/testutils/docker/container.go:67.2,69.12 2 0
github.com/ygrebnov/testutils/docker/container.go:75.54,77.16 2 0
github.com/ygrebnov/testutils/docker/container.go:77.16,79.3 1 0
github.com/ygrebnov/testutils/docker/container.go:79.8,79.20 1 0
github.com/ygrebnov/testutils/docker/container.go:79.20,81.3 1 0
github.com/ygrebnov/testutils/docker/container.go:83.2,83.50 1 0
github.com/ygrebnov/testutils/docker/container.go:83.50,85.3 1 0
github.com/ygrebnov/testutils/docker/container.go:87.2,88.33 2 0
github.com/ygrebnov/testutils/docker/container.go:88.33,89.46 1 0
github.com/ygrebnov/testutils/docker/container.go:89.46,90.9 1 0
github.com/ygrebnov/testutils/docker/container.go:92.3,93.6 2 0
github.com/ygrebnov/testutils/docker/container.go:95.2,95.14 1 0
github.com/ygrebnov/testutils/docker/container.go:95.14,97.3 1 0
github.com/ygrebnov/testutils/docker/container.go:99.2,99.12 1 0
github.com/ygrebnov/testutils/docker/container.go:103.60,104.38 1 0
github.com/ygrebnov/testutils/docker/container.go:104.38,106.3 1 0
github.com/ygrebnov/testutils/docker/container.go:107.2,107.21 1 0
github.com/ygrebnov/testutils/docker/container.go:111.58,113.2 1 0
github.com/ygrebnov/testutils/docker/container.go:116.53,117.16 1 0
github.com/ygrebnov/testutils/docker/container.go:117.16,118.42 1 0
github.com/ygrebnov/testutils/docker/container.go:118.42,120.4 1 0
github.com/ygrebnov/testutils/docker/container.go:122.2,122.33 1 0
github.com/ygrebnov/testutils/docker/container.go:126.55,132.13 2 0
github.com/ygrebnov/testutils/docker/container.go:133.28,134.13 1 0
github.com/ygrebnov/testutils/docker/container.go:135.11,136.36 1 0
github.com/ygrebnov/testutils/docker/container.go:138.2,138.12 1 0
github.com/ygrebnov/testutils/docker/container.go:142.59,148.13 2 0
github.com/ygrebnov/testutils/docker/container.go:149.28,150.13 1 0
github.com/ygrebnov/testutils/docker/container.go:151.11,152.40 1 0
github.com/ygrebnov/testutils/docker/container.go:154.2,154.12 1 0
github.com/ygrebnov/testutils/docker/container.go:160.67,161.41 1 0
github.com/ygrebnov/testutils/docker/container.go:161.41,163.3 1 0
github.com/ygrebnov/testutils/docker/container.go:164.2,164.104 1 0
github.com/ygrebnov/testutils/docker/container.go:168.91,170.2 1 0
github.com/ygrebnov/testutils/docker/container.go:173.43,175.2 1 0
github.com/ygrebnov/testutils/docker/container.go:178.72,179.49 1 0
github.com/ygrebnov/testutils/docker/container.go:179.49,181.3 1 0
github.com/ygrebnov/testutils/docker/container.go:182.2,182.51 1 0
github.com/ygrebnov/testutils/docker/database_container.go:27.71,30.2 2 0
github.com/ygrebnov/testutils/docker/database_container.go:33.72,35.2 1 0
github.com/ygrebnov/testutils/docker/database_container.go:38.101,39.49 1 1
github.com/ygrebnov/testutils/docker/database_container.go:39.49,41.3 1 1
github.com/ygrebnov/testutils/docker/database_container.go:43.2,49.3 1 1
github.com/ygrebnov/testutils/docker/injectables.go:12.100,13.26 1 0
github.com/ygrebnov/testutils/docker/injectables.go:13.26,15.3 1 0
github.com/ygrebnov/testutils/docker/injectables.go:17.2,17.39 1 0
github.com/ygrebnov/testutils/presets/database_preset.go:19.81,21.2 1 1
github.com/ygrebnov/testutils/presets/database_preset.go:24.114,26.2 1 0
github.com/ygrebnov/testutils/presets/database_preset.go:28.78,30.2 1 1
github.com/ygrebnov/testutils/presets/database_preset.go:33.76,39.2 3 1
github.com/ygrebnov/testutils/presets/postgresql.go:10.89,12.2 1 0
github.com/ygrebnov/testutils/presets/postgresql.go:15.56,17.2 1 1
github.com/ygrebnov/testutils/presets/preset.go:41.34,42.17 1 1
github.com/ygrebnov/testutils/presets/preset.go:42.17,44.3 1 1
github.com/ygrebnov/testutils/presets/preset.go:46.2,47.23 2 1
github.com/ygrebnov/testutils/presets/preset.go:47.23,49.38 2 1
github.com/ygrebnov/testutils/presets/preset.go:50.12,51.38 1 1
github.com/ygrebnov/testutils/presets/preset.go:52.15,53.24 1 1
github.com/ygrebnov/testutils/presets/preset.go:54.11,55.56 1 0
github.com/ygrebnov/testutils/presets/preset.go:57.3,57.54 1 1
github.com/ygrebnov/testutils/presets/preset.go:60.2,60.14 1 1
github.com/ygrebnov/testutils/presets/preset.go:75.60,81.2 3 1
github.com/ygrebnov/testutils/presets/preset.go:84.55,87.9 2 1
github.com/ygrebnov/testutils/presets/preset.go:87.9,88.56 1 0
github.com/ygrebnov/testutils/presets/preset.go:91.2,93.16 3 1
github.com/ygrebnov/testutils/presets/preset.go:93.16,94.13 1 0
github.com/ygrebnov/testutils/presets/preset.go:96.2,96.58 1 1
github.com/ygrebnov/testutils/presets/preset.go:96.58,97.13 1 0
github.com/ygrebnov/testutils/presets/preset.go:102.65,104.2 1 0
github.com/ygrebnov/testutils/presets/preset.go:107.98,109.2 1 0
github.com/ygrebnov/testutils/presets/preset.go:112.78,119.2 1 1
github.com/ygrebnov/testutils/presets/preset.go:121.99,123.20 2 0
github.com/ygrebnov/testutils/presets/preset.go:123.20,125.3 1 0
github.com/ygrebnov/testutils/presets/preset.go:127.2,127.24 1 0
github.com/ygrebnov/testutils/presets/preset.go:127.24,129.3 1 0
github.com/ygrebnov/testutils/presets/preset.go:131.2,131.43 1 0
github.com/ygrebnov/testutils/presets/preset.go:131.43,133.3 1 0
github.com/ygrebnov/testutils/presets/preset.go:135.2,135.35 1 0
github.com/ygrebnov/testutils/presets/preset.go:135.35,137.3 1 0
github.com/ygrebnov/testutils/presets/preset.go:139.2,139.31 1 0
github.com/ygrebnov/testutils/presets/preset.go:139.31,141.3 1 0
github.com/ygrebnov/testutils/presets/preset.go:143.2,143.30 1 0
github.com/ygrebnov/testutils/presets/preset.go:143.30,145.3 1 0
github.com/ygrebnov/testutils/presets/preset.go:147.2,147.24 1 0
github.com/ygrebnov/testutils/docker/client.go:41.50,46.16 2 1
github.com/ygrebnov/testutils/docker/client.go:46.16,48.3 1 1
github.com/ygrebnov/testutils/docker/client.go:50.2,52.17 2 1
github.com/ygrebnov/testutils/docker/client.go:56.50,58.16 1 1
github.com/ygrebnov/testutils/docker/client.go:58.16,60.3 1 1
github.com/ygrebnov/testutils/docker/client.go:61.2,61.24 1 1
github.com/ygrebnov/testutils/docker/client.go:65.33,67.2 1 1
github.com/ygrebnov/testutils/docker/client.go:70.75,72.16 2 1
github.com/ygrebnov/testutils/docker/client.go:72.16,74.3 1 1
github.com/ygrebnov/testutils/docker/client.go:76.2,76.15 1 1
github.com/ygrebnov/testutils/docker/client.go:76.15,78.3 1 1
github.com/ygrebnov/testutils/docker/client.go:79.2,81.12 2 1
github.com/ygrebnov/testutils/docker/client.go:85.110,86.20 1 1
github.com/ygrebnov/testutils/docker/client.go:86.20,88.3 1 0
github.com/ygrebnov/testutils/docker/client.go:90.2,96.44 4 1
github.com/ygrebnov/testutils/docker/client.go:96.44,98.10 2 0
github.com/ygrebnov/testutils/docker/client.go:98.10,100.4 1 0
github.com/ygrebnov/testutils/docker/client.go:101.3,103.97 3 0
github.com/ygrebnov/testutils/docker/client.go:105.2,105.31 1 1
github.com/ygrebnov/testutils/docker/client.go:105.31,111.3 5 0
github.com/ygrebnov/testutils/docker/client.go:112.2,112.48 1 1
github.com/ygrebnov/testutils/docker/client.go:112.48,114.3 1 0
github.com/ygrebnov/testutils/docker/client.go:115.2,126.16 2 1
github.com/ygrebnov/testutils/docker/client.go:126.16,128.3 1 1
github.com/ygrebnov/testutils/docker/client.go:130.2,130.21 1 1
github.com/ygrebnov/testutils/docker/client.go:134.78,136.2 1 1
github.com/ygrebnov/testutils/docker/client.go:139.115,141.16 2 0
github.com/ygrebnov/testutils/docker/client.go:141.16,143.3 1 0
github.com/ygrebnov/testutils/docker/client.go:145.2,145.38 1 0
github.com/ygrebnov/testutils/docker/client.go:150.93,154.9 3 1
github.com/ygrebnov/testutils/docker/client.go:155.27,156.41 1 1
github.com/ygrebnov/testutils/docker/client.go:157.26,158.34 1 0
github.com/ygrebnov/testutils/docker/client.go:159.10,160.36 1 1
github.com/ygrebnov/testutils/docker/client.go:163.2,164.9 2 1
github.com/ygrebnov/testutils/docker/client.go:165.18,166.13 1 1
github.com/ygrebnov/testutils/docker/client.go:167.28,168.30 1 1
github.com/ygrebnov/testutils/docker/client.go:170.2,173.12 4 1
github.com/ygrebnov/testutils/docker/client.go:177.77,179.2 1 1
github.com/ygrebnov/testutils/docker/client.go:182.79,184.2 1 1
github.com/ygrebnov/testutils/docker/client.go:187.83,188.49 1 1
github.com/ygrebnov/testutils/docker/client.go:188.49,190.3 1 0
github.com/ygrebnov/testutils/docker/client.go:191.2,191.35 1 1
github.com/ygrebnov/testutils/docker/client.go:195.106,201.16 2 0
github.com/ygrebnov/testutils/docker/client.go:201.16,203.3 1 0
github.com/ygrebnov/testutils/docker/client.go:204.2,205.16 2 0
github.com/ygrebnov/testutils/docker/client.go:205.16,207.3 1 0
github.com/ygrebnov/testutils/docker/client.go:208.2,211.12 3 0
github.com/ygrebnov/testutils/docker/client.go:215.56,216.16 1 1
github.com/ygrebnov/testutils/docker/client.go:216.16,218.3 1 1
github.com/ygrebnov/testutils/docker/client.go:219.2,220.16 2 1
github.com/ygrebnov/testutils/docker/client.go:220.16,222.3 1 0
github.com/ygrebnov/testutils/docker/client.go:223.2,224.31 2 1
github.com/ygrebnov/testutils/docker/client.go:228.91,230.16 2 1
github.com/ygrebnov/testutils/docker/client.go:230.16,232.3 1 0
github.com/ygrebnov/testutils/docker/client.go:233.2,234.47 2 1
github.com/ygrebnov/testutils/docker/client.go:238.59,240.16 2 1
github.com/ygrebnov/testutils/docker/client.go:240.16,242.3 1 0
github.com/ygrebnov/testutils/docker/client.go:243.2,244.34 2 1
github.com/ygrebnov/testutils/docker/client.go:248.96,250.16 2 0
github.com/ygrebnov/testutils/docker/client.go:250.16,252.3 1 0
github.com/ygrebnov/testutils/docker/client.go:253.2,254.52 2 0
github.com/ygrebnov/testutils/docker/client.go:258.74,260.16 2 1
github.com/ygrebnov/testutils/docker/client.go:260.16,262.3 1 0
github.com/ygrebnov/testutils/docker/client.go:263.2,264.45 2 1
github.com/ygrebnov/testutils/docker/client.go:268.58,270.16 2 1
github.com/ygrebnov/testutils/docker/client.go:270.16,272.3 1 0
github.com/ygrebnov/testutils/docker/client.go:273.2,274.33 2 1
github.com/ygrebnov/testutils/docker/client.go:278.60,280.16 2 1
github.com/ygrebnov/testutils/docker/client.go:280.16,282.3 1 0
github.com/ygrebnov/testutils/docker/client.go:283.2,284.33 2 1
github.com/ygrebnov/testutils/docker/client.go:288.64,290.16 2 1
github.com/ygrebnov/testutils/docker/client.go:290.16,292.3 1 0
github.com/ygrebnov/testutils/docker/client.go:293.2,294.39 2 1
github.com/ygrebnov/testutils/docker/client.go:298.87,300.16 2 0
github.com/ygrebnov/testutils/docker/client.go:300.16,302.3 1 0
github.com/ygrebnov/testutils/docker/client.go:303.2,304.48 2 0
github.com/ygrebnov/testutils/docker/container.go:37.38,38.46 1 1
github.com/ygrebnov/testutils/docker/container.go:38.46,40.3 1 1
github.com/ygrebnov/testutils/docker/container.go:42.2,42.23 1 1
github.com/ygrebnov/testutils/docker/container.go:61.55,63.16 2 1
github.com/ygrebnov/testutils/docker/container.go:63.16,65.3 1 1
github.com/ygrebnov/testutils/docker/container.go:67.2,69.12 2 1
github.com/ygrebnov/testutils/docker/container.go:75.54,77.16 2 1
github.com/ygrebnov/testutils/docker/container.go:77.16,79.3 1 1
github.com/ygrebnov/testutils/docker/container.go:79.8,79.20 1 1
github.com/ygrebnov/testutils/docker/container.go:79.20,81.3 1 1
github.com/ygrebnov/testutils/docker/container.go:83.2,83.50 1 1
github.com/ygrebnov/testutils/docker/container.go:83.50,85.3 1 0
github.com/ygrebnov/testutils/docker/container.go:87.2,88.33 2 1
github.com/ygrebnov/testutils/docker/container.go:88.33,89.46 1 1
github.com/ygrebnov/testutils/docker/container.go:89.46,90.9 1 1
github.com/ygrebnov/testutils/docker/container.go:92.3,93.6 2 0
github.com/ygrebnov/testutils/docker/container.go:95.2,95.14 1 1
github.com/ygrebnov/testutils/docker/container.go:95.14,97.3 1 0
github.com/ygrebnov/testutils/docker/container.go:99.2,99.12 1 1
github.com/ygrebnov/testutils/docker/container.go:103.60,104.38 1 1
github.com/ygrebnov/testutils/docker/container.go:104.38,106.3 1 1
github.com/ygrebnov/testutils/docker/container.go:107.2,107.21 1 1
github.com/ygrebnov/testutils/docker/container.go:111.58,113.2 1 1
github.com/ygrebnov/testutils/docker/container.go:116.53,117.16 1 1
github.com/ygrebnov/testutils/docker/container.go:117.16,118.42 1 1
github.com/ygrebnov/testutils/docker/container.go:118.42,120.4 1 1
github.com/ygrebnov/testutils/docker/container.go:122.2,122.33 1 1
github.com/ygrebnov/testutils/docker/container.go:126.55,132.13 2 1
github.com/ygrebnov/testutils/docker/container.go:133.28,134.13 1 1
github.com/ygrebnov/testutils/docker/container.go:135.11,136.36 1 1
github.com/ygrebnov/testutils/docker/container.go:138.2,138.12 1 1
github.com/ygrebnov/testutils/docker/container.go:142.59,148.13 2 1
github.com/ygrebnov/testutils/docker/container.go:149.28,150.13 1 1
github.com/ygrebnov/testutils/docker/container.go:151.11,152.40 1 1
github.com/ygrebnov/testutils/docker/container.go:154.2,154.12 1 1
github.com/ygrebnov/testutils/docker/container.go:160.67,161.41 1 1
github.com/ygrebnov/testutils/docker/container.go:161.41,163.3 1 1
github.com/ygrebnov/testutils/docker/container.go:164.2,164.104 1 1
github.com/ygrebnov/testutils/docker/container.go:168.91,170.2 1 0
github.com/ygrebnov/testutils/docker/container.go:173.43,175.2 1 0
github.com/ygrebnov/testutils/docker/container.go:178.72,179.49 1 1
github.com/ygrebnov/testutils/docker/container.go:179.49,181.3 1 1
github.com/ygrebnov/testutils/docker/container.go:182.2,182.51 1 1
github.com/ygrebnov/testutils/docker/database_container.go:27.71,30.2 2 0
github.com/ygrebnov/testutils/docker/database_container.go:33.72,35.2 1 0
github.com/ygrebnov/testutils/docker/database_container.go:38.101,39.49 1 0
github.com/ygrebnov/testutils/docker/database_container.go:39.49,41.3 1 0
github.com/ygrebnov/testutils/docker/database_container.go:43.2,49.3 1 0
github.com/ygrebnov/testutils/docker/injectables.go:12.100,13.26 1 1
github.com/ygrebnov/testutils/docker/injectables.go:13.26,15.3 1 1
github.com/ygrebnov/testutils/docker/injectables.go:17.2,17.39 1 0
github.com/ygrebnov/testutils/presets/database_preset.go:19.81,21.2 1 0
github.com/ygrebnov/testutils/presets/database_preset.go:24.114,26.2 1 0
github.com/ygrebnov/testutils/presets/database_preset.go:28.78,30.2 1 0
github.com/ygrebnov/testutils/presets/database_preset.go:33.76,39.2 3 0
github.com/ygrebnov/testutils/presets/postgresql.go:10.89,12.2 1 0
github.com/ygrebnov/testutils/presets/postgresql.go:15.56,17.2 1 0
github.com/ygrebnov/testutils/presets/preset.go:41.34,42.17 1 0
github.com/ygrebnov/testutils/presets/preset.go:42.17,44.3 1 0
github.com/ygrebnov/testutils/presets/preset.go:46.2,47.23 2 0
github.com/ygrebnov/testutils/presets/preset.go:47.23,49.38 2 0
github.com/ygrebnov/testutils/presets/preset.go:50.12,51.38 1 0
github.com/ygrebnov/testutils/presets/preset.go:52.15,53.24 1 0
github.com/ygrebnov/testutils/presets/preset.go:54.11,55.56 1 0
github.com/ygrebnov/testutils/presets/preset.go:57.3,57.54 1 0
github.com/ygrebnov/testutils/presets/preset.go:60.2,60.14 1 0
github.com/ygrebnov/testutils/presets/preset.go:75.60,81.2 3 0
github.com/ygrebnov/testutils/presets/preset.go:84.55,87.9 2 0
github.com/ygrebnov/testutils/presets/preset.go:87.9,88.56 1 0
github.com/ygrebnov/testutils/presets/preset.go:91.2,93.16 3 0
github.com/ygrebnov/testutils/presets/preset.go:93.16,94.13 1 0
github.com/ygrebnov/testutils/presets/preset.go:96.2,96.58 1 0
github.com/ygrebnov/testutils/presets/preset.go:96.58,97.13 1 0
github.com/ygrebnov/testutils/presets/preset.go:102.65,104.2 1 0
github.com/ygrebnov/testutils/presets/preset.go:107.98,109.2 1 0
github.com/ygrebnov/testutils/presets/preset.go:112.78,119.2 1 0
github.com/ygrebnov/testutils/presets/preset.go:121.99,123.20 2 0
github.com/ygrebnov/testutils/presets/preset.go:123.20,125.3 1 0
github.com/ygrebnov/testutils/presets/preset.go:127.2,127.24 1 0
github.com/ygrebnov/testutils/presets/preset.go:127.24,129.3 1 0
github.com/ygrebnov/testutils/presets/preset.go:131.2,131.43 1 0
github.com/ygrebnov/testutils/presets/preset.go:131.43,133.3 1 0
github.com/ygrebnov/testutils/presets/preset.go:135.2,135.35 1 0
github.com/ygrebnov/testutils/presets/preset.go:135.35,137.3 1 0
github.com/ygrebnov/testutils/presets/preset.go:139.2,139.31 1 0
github.com/ygrebnov/testutils/presets/preset.go:139.31,141.3 1 0
github.com/ygrebnov/testutils/presets/preset.go:143.2,143.30 1 0
github.com/ygrebnov/testutils/presets/preset.go:143.30,145.3 1 0
github.com/ygrebnov/testutils/presets/preset.go:147.2,147.24 1 0
github.com/ygrebnov/testutils/docker/client.go:41.50,46.16 2 1
github.com/ygrebnov/testutils/docker/client.go:46.16,48.3 1 0
github.com/ygrebnov/testutils/docker/client.go:50.2,52.17 2 1
github.com/ygrebnov/testutils/docker/client.go:56.50,58.16 1 1
github.com/ygrebnov/testutils/docker/client.go:58.16,60.3 1 1
github.com/ygrebnov/testutils/docker/client.go:61.2,61.24 1 1
github.com/ygrebnov/testutils/docker/client.go:65.33,67.2 1 1
github.com/ygrebnov/testutils/docker/client.go:70.75,72.16 2 1
github.com/ygrebnov/testutils/docker/client.go:72.16,74.3 1 0
github.com/ygrebnov/testutils/docker/client.go:76.2,76.15 1 1
github.com/ygrebnov/testutils/docker/client.go:76.15,78.3 1 1
github.com/ygrebnov/testutils/docker/client.go:79.2,81.12 2 1
github.com/ygrebnov/testutils/docker/client.go:85.110,86.20 1 1
github.com/ygrebnov/testutils/docker/client.go:86.20,88.3 1 0
github.com/ygrebnov/testutils/docker/client.go:90.2,96.44 4 1
github.com/ygrebnov/testutils/docker/client.go:96.44,98.10 2 1
github.com/ygrebnov/testutils/docker/client.go:98.10,100.4 1 0
github.com/ygrebnov/testutils/docker/client.go:101.3,103.97 3 1
github.com/ygrebnov/testutils/docker/client.go:105.2,105.31 1 1
github.com/ygrebnov/testutils/docker/client.go:105.31,111.3 5 1
github.com/ygrebnov/testutils/docker/client.go:112.2,112.48 1 1
github.com/ygrebnov/testutils/docker/client.go:112.48,114.3 1 0
github.com/ygrebnov/testutils/docker/client.go:115.2,126.16 2 1
github.com/ygrebnov/testutils/docker/client.go:126.16,128.3 1 0
github.com/ygrebnov/testutils/docker/client.go:130.2,130.21 1 1
github.com/ygrebnov/testutils/docker/client.go:134.78,136.2 1 1
github.com/ygrebnov/testutils/docker/client.go:139.115,141.16 2 0
github.com/ygrebnov/testutils/docker/client.go:141.16,143.3 1 0
github.com/ygrebnov/testutils/docker/client.go:145.2,145.38 1 0
github.com/ygrebnov/testutils/docker/client.go:150.93,154.9 3 1
github.com/ygrebnov/testutils/docker/client.go:155.27,156.41 1 1
github.com/ygrebnov/testutils/docker/client.go:157.26,158.34 1 0
github.com/ygrebnov/testutils/docker/client.go:159.10,160.36 1 0
github.com/ygrebnov/testutils/docker/client.go:163.2,164.9 2 1
github.com/ygrebnov/testutils/docker/client.go:165.18,166.13 1 0
github.com/ygrebnov/testutils/docker/client.go:167.28,168.30 1 1
github.com/ygrebnov/testutils/docker/client.go:170.2,173.12 4 1
github.com/ygrebnov/testutils/docker/client.go:177.77,179.2 1 1
github.com/ygrebnov/testutils/docker/client.go:182.79,184.2 1 1
github.com/ygrebnov/testutils/docker/client.go:187.83,188.49 1 1
github.com/ygrebnov/testutils/docker/client.go:188.49,190.3 1 0
github.com/ygrebnov/testutils/docker/client.go:191.2,191.35 1 1
github.com/ygrebnov/testutils/docker/client.go:195.106,201.16 2 1
github.com/ygrebnov/testutils/docker/client.go:201.16,203.3 1 0
github.com/ygrebnov/testutils/docker/client.go:204.2,205.16 2 1
github.com/ygrebnov/testutils/docker/client.go:205.16,207.3 1 0
github.com/ygrebnov/testutils/docker/client.go:208.2,211.12 3 1
github.com/ygrebnov/testutils/docker/client.go:215.56,216.16 1 1
github.com/ygrebnov/testutils/docker/client.go:216.16,218.3 1 0
github.com/ygrebnov/testutils/docker/client.go:219.2,220.16 2 1
github.com/ygrebnov/testutils/docker/client.go:220.16,222.3 1 0
github.com/ygrebnov/testutils/docker/client.go:223.2,224.31 2 1
github.com/ygrebnov/testutils/docker/client.go:228.91,230.16 2 1
github.com/ygrebnov/testutils/docker/client.go:230.16,232.3 1 0
github.com/ygrebnov/testutils/docker/client.go:233.2,234.47 2 1
github.com/ygrebnov/testutils/docker/client.go:238.59,240.16 2 1
github.com/ygrebnov/testutils/docker/client.go:240.16,242.3 1 0
github.com/ygrebnov/testutils/docker/client.go:243.2,244.34 2 1
github.com/ygrebnov/testutils/docker/client.go:248.96,250.16 2 0
github.com/ygrebnov/testutils/docker/client.go:250.16,252.3 1 0
github.com/ygrebnov/testutils/docker/client.go:253.2,254.52 2 0
github.com/ygrebnov/testutils/docker/client.go:258.74,260.16 2 1
github.com/ygrebnov/testutils/docker/client.go:260.16,262.3 1 0
github.com/ygrebnov/testutils/docker/client.go:263.2,264.45 2 1
github.com/ygrebnov/testutils/docker/client.go:268.58,270.16 2 0
github.com/ygrebnov/testutils/docker/client.go:270.16,272.3 1 0
github.com/ygrebnov/testutils/docker/client.go:273.2,274.33 2 0
github.com/ygrebnov/testutils/docker/client.go:278.60,280.16 2 0
github.com/ygrebnov/testutils/docker/client.go:280.16,282.3 1 0
github.com/ygrebnov/testutils/docker/client.go:283.2,284.33 2 0
github.com/ygrebnov/testutils/docker/client.go:288.64,290.16 2 1
github.com/ygrebnov/testutils/docker/client.go:290.16,292.3 1 0
github.com/ygrebnov/testutils/docker/client.go:293.2,294.39 2 1
github.com/ygrebnov/testutils/docker/client.go:298.87,300.16 2 1
github.com/ygrebnov/testutils/docker/client.go:300.16,302.3 1 0
github.com/ygrebnov/testutils/docker/client.go:303.2,304.48 2 1
github.com/ygrebnov/testutils/docker/container.go:37.38,38.46 1 1
github.com/ygrebnov/testutils/docker/container.go:38.46,40.3 1 0
github.com/ygrebnov/testutils/docker/container.go:42.2,42.23 1 1
github.com/ygrebnov/testutils/docker/container.go:61.55,63.16 2 1
github.com/ygrebnov/testutils/docker/container.go:63.16,65.3 1 0
github.com/ygrebnov/testutils/docker/container.go:67.2,69.12 2 1
github.com/ygrebnov/testutils/docker/container.go:75.54,77.16 2 1
github.com/ygrebnov/testutils/docker/container.go:77.16,79.3 1 0
github.com/ygrebnov/testutils/docker/container.go:79.8,79.20 1 1
github.com/ygrebnov/testutils/docker/container.go:79.20,81.3 1 0
github.com/ygrebnov/testutils/docker/container.go:83.2,83.50 1 1
github.com/ygrebnov/testutils/docker/container.go:83.50,85.3 1 0
github.com/ygrebnov/testutils/docker/container.go:87.2,88.33 2 1
github.com/ygrebnov/testutils/docker/container.go:88.33,89.46 1 1
github.com/ygrebnov/testutils/docker/container.go:89.46,90.9 1 1
github.com/ygrebnov/testutils/docker/container.go:92.3,93.6 2 1
github.com/ygrebnov/testutils/docker/container.go:95.2,95.14 1 1
github.com/ygrebnov/testutils/docker/container.go:95.14,97.3 1 0
github.com/ygrebnov/testutils/docker/container.go:99.2,99.12 1 1
github.com/ygrebnov/testutils/docker/container.go:103.60,104.38 1 1
github.com/ygrebnov/testutils/docker/container.go:104.38,106.3 1 0
github.com/ygrebnov/testutils/docker/container.go:107.2,107.21 1 1
github.com/ygrebnov/testutils/docker/container.go:111.58,113.2 1 1
github.com/ygrebnov/testutils/docker/container.go:116.53,117.16 1 0
github.com/ygrebnov/testutils/docker/container.go:117.16,118.42 1 0
github.com/ygrebnov/testutils/docker/container.go:118.42,120.4 1 0
github.com/ygrebnov/testutils/docker/container.go:122.2,122.33 1 0
github.com/ygrebnov/testutils/docker/container.go:126.55,132.13 2 0
github.com/ygrebnov/testutils/docker/container.go:133.28,134.13 1 0
github.com/ygrebnov/testutils/docker/container.go:135.11,136.36 1 0
github.com/ygrebnov/testutils/docker/container.go:138.2,138.12 1 0
github.com/ygrebnov/testutils/docker/container.go:142.59,148.13 2 1
github.com/ygrebnov/testutils/docker/container.go:149.28,150.13 1 1
github.com/ygrebnov/testutils/docker/container.go:151.11,152.40 1 1
github.com/ygrebnov/testutils/docker/container.go:154.2,154.12 1 0
github.com/ygrebnov/testutils/docker/container.go:160.67,161.41 1 1
github.com/ygrebnov/testutils/docker/container.go:161.41,163.3 1 0
github.com/ygrebnov/testutils/docker/container.go:164.2,164.104 1 1
github.com/ygrebnov/testutils/docker/container.go:168.91,170.2 1 1
github.com/ygrebnov/testutils/docker/container.go:173.43,175.2 1 0
github.com/ygrebnov/testutils/docker/container.go:178.72,179.49 1 1
github.com/ygrebnov/testutils/docker/container.go:179.49,181.3 1 1
github.com/ygrebnov/testutils/docker/container.go:182.2,182.51 1 1
github.com/ygrebnov/testutils/docker/database_container.go:27.71,30.2 2 1
github.com/ygrebnov/testutils/docker/database_container.go:33.72,35.2 1 0
github.com/ygrebnov/testutils/docker/database_container.go:38.101,39.49 1 1
github.com/ygrebnov/testutils/docker/database_container.go:39.49,41.3 1 1
github.com/ygrebnov/testutils/docker/database_container.go:43.2,49.3 1 1
github.com/ygrebnov/testutils/docker/injectables.go:12.100,13.26 1 1
github.com/ygrebnov/testutils/docker/injectables.go:13.26,15.3 1 0
github.com/ygrebnov/testutils/docker/injectables.go:17.2,17.39 1 1
github.com/ygrebnov/testutils/presets/database_preset.go:19.81,21.2 1 0
github.com/ygrebnov/testutils/presets/database_preset.go:24.114,26.2 1 1
github.com/ygrebnov/testutils/presets/database_preset.go:28.78,30.2 1 1
github.com/ygrebnov/testutils/presets/database_preset.go:33.76,39.2 3 1
github.com/ygrebnov/testutils/presets/postgresql.go:10.89,12.2 1 1
github.com/ygrebnov/testutils/presets/postgresql.go:15.56,17.2 1 0
github.com/ygrebnov/testutils/presets/preset.go:41.34,42.17 1 1
github.com/ygrebnov/testutils/presets/preset.go:42.17,44.3 1 0
github.com/ygrebnov/testutils/presets/preset.go:46.2,47.23 2 1
github.com/ygrebnov/testutils/presets/preset.go:47.23,49.38 2 1
github.com/ygrebnov/testutils/presets/preset.go:50.12,51.38 1 1
github.com/ygrebnov/testutils/presets/preset.go:52.15,53.24 1 1
github.com/ygrebnov/testutils/presets/preset.go:54.11,55.56 1 0
github.com/ygrebnov/testutils/presets/preset.go:57.3,57.54 1 1
github.com/ygrebnov/testutils/presets/preset.go:60.2,60.14 1 1
github.com/ygrebnov/testutils/presets/preset.go:75.60,81.2 3 0
github.com/ygrebnov/testutils/presets/preset.go:84.55,87.9 2 1
github.com/ygrebnov/testutils/presets/preset.go:87.9,88.56 1 0
github.com/ygrebnov/testutils/presets/preset.go:91.2,93.16 3 1
github.com/ygrebnov/testutils/presets/preset.go:93.16,94.13 1 0
github.com/ygrebnov/testutils/presets/preset.go:96.2,96.58 1 1
github.com/ygrebnov/testutils/presets/preset.go:96.58,97.13 1 0
github.com/ygrebnov/testutils/presets/preset.go:102.65,104.2 1 0
github.com/ygrebnov/testutils/presets/preset.go:107.98,109.2 1 0
github.com/ygrebnov/testutils/presets/preset.go:112.78,119.2 1 1
github.com/ygrebnov/testutils/presets/preset.go:121.99,123.20 2 1
github.com/ygrebnov/testutils/presets/preset.go:123.20,125.3 1 0
github.com/ygrebnov/testutils/presets/preset.go:127.2,127.24 1 1
github.com/ygrebnov/testutils/presets/preset.go:127.24,129.3 1 1
github.com/ygrebnov/testutils/presets/preset.go:131.2,131.43 1 1
github.com/ygrebnov/testutils/presets/preset.go:131.43,133.3 1 0
github.com/ygrebnov/testutils/presets/preset.go:135.2,135.35 1 1
github.com/ygrebnov/testutils/presets/preset.go:135.35,137.3 1 0
github.com/ygrebnov/testutils/presets/preset.go:139.2,139.31 1 1
github.com/ygrebnov/testutils/presets/preset.go:139.31,141.3 1 0
github.com/ygrebnov/testutils/presets/preset.go:143.2,143.30 1 1
github.com/ygrebnov/testutils/presets/preset.go:143.30,145.3 1 0
github.com/ygrebnov/testutils/presets/preset.go:147.2,147.24 1 1
